0 info it worked if it ends with ok
1 verbose cli [ '/usr/bin/nodejs', '/usr/bin/npm', 'publish' ]
2 info using npm@3.8.6
3 info using node@v6.0.0
4 verbose publish [ '.' ]
5 verbose stack Error: Failed to parse json
5 verbose stack Trailing comma in object at 13:3
5 verbose stack   },
5 verbose stack   ^
5 verbose stack     at parseError (/usr/lib/node_modules/npm/node_modules/read-package-json/read-json.js:379:11)
5 verbose stack     at parseJson (/usr/lib/node_modules/npm/node_modules/read-package-json/read-json.js:68:23)
5 verbose stack     at /usr/lib/node_modules/npm/node_modules/read-package-json/read-json.js:48:5
5 verbose stack     at /usr/lib/node_modules/npm/node_modules/graceful-fs/graceful-fs.js:78:16
5 verbose stack     at tryToString (fs.js:449:3)
5 verbose stack     at FSReqWrap.readFileAfterClose [as oncomplete] (fs.js:436:12)
6 verbose cwd /home/marcelo/Programs/FourLabs/Utilities/dep-linker
7 error Linux 4.4.0-24-generic
8 error argv "/usr/bin/nodejs" "/usr/bin/npm" "publish"
9 error node v6.0.0
10 error npm  v3.8.6
11 error file /home/marcelo/Programs/FourLabs/Utilities/dep-linker/package.json
12 error code EJSONPARSE
13 error Failed to parse json
13 error Trailing comma in object at 13:3
13 error   },
13 error   ^
14 error File: /home/marcelo/Programs/FourLabs/Utilities/dep-linker/package.json
15 error Failed to parse package.json data.
15 error package.json must be actual JSON, not just JavaScript.
15 error
15 error This is not a bug in npm.
15 error Tell the package author to fix their package.json file. JSON.parse
16 verbose exit [ 1, true ]
